2025-05-29 16:58:26.892 | INFO     | __main__:main:74 - Starte RadioX Demo...
2025-05-29 16:58:26.893 | INFO     | __main__:create_demo_segment:27 - Generiere Begrüßung für maximalist...
2025-05-29 16:58:26.893 | ERROR    | src.tts.elevenlabs:generate_speech:51 - Fehler bei TTS-Generierung: generate() got an unexpected keyword argument 'stability'
2025-05-29 16:58:26.893 | ERROR    | __main__:create_demo_segment:63 - Fehler bei der Demo-Erstellung: generate() got an unexpected keyword argument 'stability'
2025-05-29 16:59:50.164 | INFO     | __main__:main:74 - Starte RadioX Demo...
2025-05-29 16:59:50.165 | INFO     | __main__:create_demo_segment:27 - Generiere Begrüßung für maximalist...
2025-05-29 16:59:55.461 | ERROR    | src.tts.elevenlabs:generate_speech:47 - Fehler bei TTS-Generierung: Voice 'default' not found.
2025-05-29 16:59:55.462 | ERROR    | __main__:create_demo_segment:63 - Fehler bei der Demo-Erstellung: Voice 'default' not found.
2025-05-29 17:01:30.197 | INFO     | __main__:main:74 - Starte RadioX Demo...
2025-05-29 17:01:30.197 | INFO     | __main__:create_demo_segment:27 - Generiere Begrüßung für maximalist...
2025-05-29 17:01:31.325 | INFO     | src.tts.elevenlabs:generate_speech:43 - TTS generiert und gespeichert: audio/greeting_maximalist.mp3
2025-05-29 17:01:31.331 | ERROR    | src.audio.mixer:load_audio:17 - Fehler beim Laden der Audiodatei audio/greeting_maximalist.mp3: [Errno 2] No such file or directory: 'ffprobe'
2025-05-29 17:01:31.332 | ERROR    | __main__:create_demo_segment:63 - Fehler bei der Demo-Erstellung: [Errno 2] No such file or directory: 'ffprobe'
2025-05-29 17:04:36.797 | INFO     | __main__:main:74 - Starte RadioX Demo...
2025-05-29 17:04:36.797 | INFO     | __main__:create_demo_segment:27 - Generiere Begrüßung für maximalist...
2025-05-29 17:04:37.868 | INFO     | src.tts.elevenlabs:generate_speech:43 - TTS generiert und gespeichert: audio/greeting_maximalist.mp3
2025-05-29 17:04:47.865 | INFO     | __main__:create_demo_segment:37 - Hole Top-Tracks von Spotify...
2025-05-29 17:06:56.081 | INFO     | __main__:main:74 - Starte RadioX Demo...
2025-05-29 17:06:56.081 | INFO     | __main__:create_demo_segment:27 - Generiere Begrüßung für maximalist...
2025-05-29 17:06:57.203 | INFO     | src.tts.elevenlabs:generate_speech:43 - TTS generiert und gespeichert: audio/greeting_maximalist.mp3
2025-05-29 17:06:57.368 | INFO     | __main__:create_demo_segment:37 - Hole Top-Tracks von Spotify...
2025-05-29 17:06:57.369 | ERROR    | src.content.spotify:get_top_tracks:46 - Fehler beim Abrufen der Top-Tracks: [Errno 48] Address already in use
2025-05-29 17:06:57.369 | ERROR    | __main__:create_demo_segment:63 - Fehler bei der Demo-Erstellung: [Errno 48] Address already in use
2025-05-29 17:07:57.573 | INFO     | __main__:main:74 - Starte RadioX Demo...
2025-05-29 17:07:57.574 | INFO     | __main__:create_demo_segment:27 - Generiere Begrüßung für maximalist...
2025-05-29 17:07:58.660 | INFO     | src.tts.elevenlabs:generate_speech:43 - TTS generiert und gespeichert: audio/greeting_maximalist.mp3
2025-05-29 17:07:58.838 | INFO     | __main__:create_demo_segment:37 - Hole Top-Tracks von Spotify...
2025-05-29 17:07:58.838 | ERROR    | src.content.spotify:get_top_tracks:46 - Fehler beim Abrufen der Top-Tracks: [Errno 48] Address already in use
2025-05-29 17:07:58.838 | ERROR    | __main__:create_demo_segment:63 - Fehler bei der Demo-Erstellung: [Errno 48] Address already in use
2025-05-29 17:08:36.259 | INFO     | __main__:main:74 - Starte RadioX Demo...
2025-05-29 17:08:36.259 | INFO     | __main__:create_demo_segment:27 - Generiere Begrüßung für maximalist...
2025-05-29 17:08:37.363 | INFO     | src.tts.elevenlabs:generate_speech:43 - TTS generiert und gespeichert: audio/greeting_maximalist.mp3
2025-05-29 17:08:37.529 | INFO     | __main__:create_demo_segment:37 - Hole Top-Tracks von Spotify...
2025-05-29 17:15:01.319 | INFO     | __main__:main:74 - Starte RadioX Demo...
2025-05-29 17:15:01.319 | INFO     | __main__:create_demo_segment:27 - Generiere Begrüßung für maximalist...
2025-05-29 17:15:02.392 | INFO     | src.tts.elevenlabs:generate_speech:43 - TTS generiert und gespeichert: audio/greeting_maximalist.mp3
2025-05-29 17:15:02.569 | INFO     | __main__:create_demo_segment:37 - Hole Top-Tracks von Spotify...
2025-05-29 17:15:02.569 | ERROR    | src.content.spotify:get_top_tracks:47 - Fehler beim Abrufen der Top-Tracks: [Errno 48] Address already in use
2025-05-29 17:15:02.570 | ERROR    | __main__:create_demo_segment:63 - Fehler bei der Demo-Erstellung: [Errno 48] Address already in use
2025-05-29 17:15:52.415 | INFO     | __main__:main:74 - Starte RadioX Demo...
2025-05-29 17:15:52.416 | INFO     | __main__:create_demo_segment:27 - Generiere Begrüßung für maximalist...
2025-05-29 17:15:53.602 | INFO     | src.tts.elevenlabs:generate_speech:43 - TTS generiert und gespeichert: audio/greeting_maximalist.mp3
2025-05-29 17:15:53.769 | INFO     | __main__:create_demo_segment:37 - Hole Top-Tracks von Spotify...
2025-05-29 17:24:29.490 | INFO     | __main__:main:74 - Starte RadioX Demo...
2025-05-29 17:24:29.491 | INFO     | __main__:create_demo_segment:27 - Generiere Begrüßung für maximalist...
2025-05-29 17:24:30.557 | INFO     | src.tts.elevenlabs:generate_speech:43 - TTS generiert und gespeichert: audio/greeting_maximalist.mp3
2025-05-29 17:24:30.727 | INFO     | __main__:create_demo_segment:37 - Hole Top-Tracks von Spotify...
